<?xml version="1.0" encoding="UTF-8"?>
<coverage generated="1579704297704" clover="3.2.0">
  <project timestamp="1579704297704" name="All files">
    <metrics statements="36" coveredstatements="30" conditionals="0" coveredconditionals="0" methods="16" coveredmethods="10" elements="52" coveredelements="40" complexity="0" loc="36" ncloc="36" packages="3" files="6" classes="6"/>
    <package name="jest-puppeteer-advanced">
      <metrics statements="3" coveredstatements="3" conditionals="0" coveredconditionals="0" methods="0" coveredmethods="0"/>
      <file name="config.js" path="C:\Users\qbuser\Documents\puppeteer_training\jest-puppeteer-advanced\config.js">
        <metrics statements="3" coveredstatements="3" conditionals="0" coveredconditionals="0" methods="0" coveredmethods="0"/>
        <line num="1" count="1" type="stmt"/>
        <line num="2" count="1" type="stmt"/>
        <line num="3" count="1" type="stmt"/>
      </file>
    </package>
    <package name="jest-puppeteer-advanced.pages">
      <metrics statements="30" coveredstatements="24" conditionals="0" coveredconditionals="0" methods="14" coveredmethods="8"/>
      <file name="BasePage.js" path="C:\Users\qbuser\Documents\puppeteer_training\jest-puppeteer-advanced\pages\BasePage.js">
        <metrics statements="3" coveredstatements="1" conditionals="0" coveredconditionals="0" methods="3" coveredmethods="1"/>
        <line num="3" count="2" type="stmt"/>
        <line num="6" count="0" type="stmt"/>
        <line num="9" count="0" type="stmt"/>
      </file>
      <file name="FeedbackPage.js" path="C:\Users\qbuser\Documents\puppeteer_training\jest-puppeteer-advanced\pages\FeedbackPage.js">
        <metrics statements="10" coveredstatements="9" conditionals="0" coveredconditionals="0" methods="3" coveredmethods="2"/>
        <line num="5" count="0" type="stmt"/>
        <line num="8" count="1" type="stmt"/>
        <line num="9" count="1" type="stmt"/>
        <line num="10" count="1" type="stmt"/>
        <line num="11" count="1" type="stmt"/>
        <line num="14" count="1" type="stmt"/>
        <line num="15" count="1" type="stmt"/>
        <line num="16" count="1" type="stmt"/>
        <line num="17" count="1" type="stmt"/>
        <line num="18" count="1" type="stmt"/>
      </file>
      <file name="HomePage.js" path="C:\Users\qbuser\Documents\puppeteer_training\jest-puppeteer-advanced\pages\HomePage.js">
        <metrics statements="9" coveredstatements="7" conditionals="0" coveredconditionals="0" methods="5" coveredmethods="3"/>
        <line num="5" count="2" type="stmt"/>
        <line num="6" count="2" type="stmt"/>
        <line num="9" count="1" type="stmt"/>
        <line num="10" count="1" type="stmt"/>
        <line num="11" count="1" type="stmt"/>
        <line num="12" count="1" type="stmt"/>
        <line num="15" count="0" type="stmt"/>
        <line num="18" count="0" type="stmt"/>
        <line num="21" count="1" type="stmt"/>
      </file>
      <file name="LoginPage.js" path="C:\Users\qbuser\Documents\puppeteer_training\jest-puppeteer-advanced\pages\LoginPage.js">
        <metrics statements="8" coveredstatements="7" conditionals="0" coveredconditionals="0" methods="3" coveredmethods="2"/>
        <line num="5" count="0" type="stmt"/>
        <line num="8" count="1" type="stmt"/>
        <line num="9" count="1" type="stmt"/>
        <line num="10" count="1" type="stmt"/>
        <line num="13" count="1" type="stmt"/>
        <line num="14" count="1" type="stmt"/>
        <line num="15" count="1" type="stmt"/>
        <line num="16" count="1" type="stmt"/>
      </file>
    </package>
    <package name="jest-puppeteer-advanced.pages.components">
      <metrics statements="3" coveredstatements="3" conditionals="0" coveredconditionals="0" methods="2" coveredmethods="2"/>
      <file name="TopBar.js" path="C:\Users\qbuser\Documents\puppeteer_training\jest-puppeteer-advanced\pages\components\TopBar.js">
        <metrics statements="3" coveredstatements="3" conditionals="0" coveredconditionals="0" methods="2" coveredmethods="2"/>
        <line num="3" count="2" type="stmt"/>
        <line num="4" count="2" type="stmt"/>
        <line num="7" count="1" type="stmt"/>
      </file>
    </package>
  </project>
</coverage>
