{"C:\\Users\\qbuser\\Documents\\puppeteer_training\\jest-puppeteer-advanced\\config.js": {"path":"C:\\Users\\qbuser\\Documents\\puppeteer_training\\jest-puppeteer-advanced\\config.js","statementMap":{"0":{"start":{"line":1,"column":24},"end":{"line":1,"column":34}},"1":{"start":{"line":2,"column":24},"end":{"line":2,"column":34}},"2":{"start":{"line":3,"column":23},"end":{"line":3,"column":28}}},"fnMap":{},"branchMap":{},"s":{"0":1,"1":1,"2":1},"f":{},"b":{},"_coverageSchema":"43e27e138ebf9cfc5966b082cf9a028302ed4184","hash":"36417bc8d3d42407a7bed069437ba48f0511e0f8"}
,"C:\\Users\\qbuser\\Documents\\puppeteer_training\\jest-puppeteer-advanced\\pages\\BasePage.js": {"path":"C:\\Users\\qbuser\\Documents\\puppeteer_training\\jest-puppeteer-advanced\\pages\\BasePage.js","statementMap":{"0":{"start":{"line":3,"column":4},"end":{"line":3,"column":29}},"1":{"start":{"line":6,"column":4},"end":{"line":6,"column":30}},"2":{"start":{"line":9,"column":4},"end":{"line":9,"column":28}}},"fnMap":{"0":{"name":"(anonymous_0)","decl":{"start":{"line":2,"column":2},"end":{"line":2,"column":3}},"loc":{"start":{"line":2,"column":19},"end":{"line":4,"column":3}},"line":2},"1":{"name":"(anonymous_1)","decl":{"start":{"line":5,"column":2},"end":{"line":5,"column":3}},"loc":{"start":{"line":5,"column":19},"end":{"line":7,"column":3}},"line":5},"2":{"name":"(anonymous_2)","decl":{"start":{"line":8,"column":2},"end":{"line":8,"column":3}},"loc":{"start":{"line":8,"column":17},"end":{"line":10,"column":3}},"line":8}},"branchMap":{},"s":{"0":2,"1":0,"2":0},"f":{"0":2,"1":0,"2":0},"b":{},"_coverageSchema":"43e27e138ebf9cfc5966b082cf9a028302ed4184","hash":"50a18d0f7bb2f70b92c30181379eca5491a1085d"}
,"C:\\Users\\qbuser\\Documents\\puppeteer_training\\jest-puppeteer-advanced\\pages\\FeedbackPage.js": {"path":"C:\\Users\\qbuser\\Documents\\puppeteer_training\\jest-puppeteer-advanced\\pages\\FeedbackPage.js","statementMap":{"0":{"start":{"line":5,"column":8},"end":{"line":5,"column":71}},"1":{"start":{"line":8,"column":8},"end":{"line":8,"column":44}},"2":{"start":{"line":9,"column":8},"end":{"line":9,"column":45}},"3":{"start":{"line":10,"column":8},"end":{"line":10,"column":47}},"4":{"start":{"line":11,"column":8},"end":{"line":11,"column":47}},"5":{"start":{"line":14,"column":4},"end":{"line":14,"column":33}},"6":{"start":{"line":15,"column":4},"end":{"line":15,"column":35}},"7":{"start":{"line":16,"column":4},"end":{"line":16,"column":39}},"8":{"start":{"line":17,"column":4},"end":{"line":17,"column":39}},"9":{"start":{"line":18,"column":4},"end":{"line":18,"column":44}}},"fnMap":{"0":{"name":"(anonymous_0)","decl":{"start":{"line":4,"column":4},"end":{"line":4,"column":5}},"loc":{"start":{"line":4,"column":17},"end":{"line":6,"column":5}},"line":4},"1":{"name":"(anonymous_1)","decl":{"start":{"line":7,"column":4},"end":{"line":7,"column":5}},"loc":{"start":{"line":7,"column":35},"end":{"line":12,"column":5}},"line":7},"2":{"name":"(anonymous_2)","decl":{"start":{"line":13,"column":4},"end":{"line":13,"column":5}},"loc":{"start":{"line":13,"column":52},"end":{"line":19,"column":5}},"line":13}},"branchMap":{},"s":{"0":0,"1":1,"2":1,"3":1,"4":1,"5":1,"6":1,"7":1,"8":1,"9":1},"f":{"0":0,"1":1,"2":1},"b":{},"_coverageSchema":"43e27e138ebf9cfc5966b082cf9a028302ed4184","hash":"9636f38a129f35a800ec893c0cdfc1faea5a5875"}
,"C:\\Users\\qbuser\\Documents\\puppeteer_training\\jest-puppeteer-advanced\\pages\\HomePage.js": {"path":"C:\\Users\\qbuser\\Documents\\puppeteer_training\\jest-puppeteer-advanced\\pages\\HomePage.js","statementMap":{"0":{"start":{"line":5,"column":8},"end":{"line":5,"column":69}},"1":{"start":{"line":6,"column":8},"end":{"line":6,"column":43}},"2":{"start":{"line":9,"column":8},"end":{"line":9,"column":49}},"3":{"start":{"line":10,"column":8},"end":{"line":10,"column":48}},"4":{"start":{"line":11,"column":8},"end":{"line":11,"column":57}},"5":{"start":{"line":12,"column":8},"end":{"line":12,"column":48}},"6":{"start":{"line":15,"column":8},"end":{"line":15,"column":38}},"7":{"start":{"line":18,"column":8},"end":{"line":18,"column":47}},"8":{"start":{"line":21,"column":8},"end":{"line":21,"column":38}}},"fnMap":{"0":{"name":"(anonymous_0)","decl":{"start":{"line":4,"column":4},"end":{"line":4,"column":5}},"loc":{"start":{"line":4,"column":17},"end":{"line":7,"column":5}},"line":4},"1":{"name":"(anonymous_1)","decl":{"start":{"line":8,"column":4},"end":{"line":8,"column":5}},"loc":{"start":{"line":8,"column":29},"end":{"line":13,"column":5}},"line":8},"2":{"name":"(anonymous_2)","decl":{"start":{"line":14,"column":4},"end":{"line":14,"column":5}},"loc":{"start":{"line":14,"column":25},"end":{"line":16,"column":5}},"line":14},"3":{"name":"(anonymous_3)","decl":{"start":{"line":17,"column":4},"end":{"line":17,"column":5}},"loc":{"start":{"line":17,"column":34},"end":{"line":19,"column":5}},"line":17},"4":{"name":"(anonymous_4)","decl":{"start":{"line":20,"column":4},"end":{"line":20,"column":5}},"loc":{"start":{"line":20,"column":29},"end":{"line":22,"column":5}},"line":20}},"branchMap":{},"s":{"0":2,"1":2,"2":1,"3":1,"4":1,"5":1,"6":0,"7":0,"8":1},"f":{"0":2,"1":1,"2":0,"3":0,"4":1},"b":{},"_coverageSchema":"43e27e138ebf9cfc5966b082cf9a028302ed4184","hash":"a8e8268a8001e4c9dc66d4bb21b28cdb996cf9a5"}
,"C:\\Users\\qbuser\\Documents\\puppeteer_training\\jest-puppeteer-advanced\\pages\\LoginPage.js": {"path":"C:\\Users\\qbuser\\Documents\\puppeteer_training\\jest-puppeteer-advanced\\pages\\LoginPage.js","statementMap":{"0":{"start":{"line":5,"column":2},"end":{"line":5,"column":62}},"1":{"start":{"line":8,"column":2},"end":{"line":8,"column":43}},"2":{"start":{"line":9,"column":2},"end":{"line":9,"column":43}},"3":{"start":{"line":10,"column":2},"end":{"line":10,"column":46}},"4":{"start":{"line":13,"column":8},"end":{"line":13,"column":49}},"5":{"start":{"line":14,"column":8},"end":{"line":14,"column":48}},"6":{"start":{"line":15,"column":8},"end":{"line":15,"column":51}},"7":{"start":{"line":16,"column":8},"end":{"line":16,"column":40}}},"fnMap":{"0":{"name":"(anonymous_0)","decl":{"start":{"line":4,"column":1},"end":{"line":4,"column":2}},"loc":{"start":{"line":4,"column":15},"end":{"line":6,"column":2}},"line":4},"1":{"name":"(anonymous_1)","decl":{"start":{"line":7,"column":1},"end":{"line":7,"column":2}},"loc":{"start":{"line":7,"column":30},"end":{"line":11,"column":5}},"line":7},"2":{"name":"(anonymous_2)","decl":{"start":{"line":12,"column":4},"end":{"line":12,"column":5}},"loc":{"start":{"line":12,"column":35},"end":{"line":17,"column":5}},"line":12}},"branchMap":{},"s":{"0":0,"1":1,"2":1,"3":1,"4":1,"5":1,"6":1,"7":1},"f":{"0":0,"1":1,"2":1},"b":{},"_coverageSchema":"43e27e138ebf9cfc5966b082cf9a028302ed4184","hash":"b88cc6135f43d4904d84f13e0a4de2ff2d96b59c"}
,"C:\\Users\\qbuser\\Documents\\puppeteer_training\\jest-puppeteer-advanced\\pages\\components\\TopBar.js": {"path":"C:\\Users\\qbuser\\Documents\\puppeteer_training\\jest-puppeteer-advanced\\pages\\components\\TopBar.js","statementMap":{"0":{"start":{"line":3,"column":2},"end":{"line":3,"column":38}},"1":{"start":{"line":4,"column":2},"end":{"line":4,"column":46}},"2":{"start":{"line":7,"column":2},"end":{"line":7,"column":36}}},"fnMap":{"0":{"name":"(anonymous_0)","decl":{"start":{"line":2,"column":1},"end":{"line":2,"column":2}},"loc":{"start":{"line":2,"column":27},"end":{"line":5,"column":2}},"line":2},"1":{"name":"(anonymous_1)","decl":{"start":{"line":6,"column":1},"end":{"line":6,"column":2}},"loc":{"start":{"line":6,"column":27},"end":{"line":8,"column":2}},"line":6}},"branchMap":{},"s":{"0":2,"1":2,"2":1},"f":{"0":2,"1":1},"b":{},"_coverageSchema":"43e27e138ebf9cfc5966b082cf9a028302ed4184","hash":"26ad3a7a11ea4115a4ed52c2187b541a9ae1444f"}
}
