TN:
SF:C:\Users\qbuser\Documents\puppeteer_training\jest-puppeteer-advanced\config.js
FNF:0
FNH:0
DA:1,1
DA:2,1
DA:3,1
LF:3
LH:3
BRF:0
BRH:0
end_of_record
TN:
SF:C:\Users\qbuser\Documents\puppeteer_training\jest-puppeteer-advanced\pages\BasePage.js
FN:2,(anonymous_0)
FN:5,(anonymous_1)
FN:8,(anonymous_2)
FNF:3
FNH:1
FNDA:2,(anonymous_0)
FNDA:0,(anonymous_1)
FNDA:0,(anonymous_2)
DA:3,2
DA:6,0
DA:9,0
LF:3
LH:1
BRF:0
BRH:0
end_of_record
TN:
SF:C:\Users\qbuser\Documents\puppeteer_training\jest-puppeteer-advanced\pages\FeedbackPage.js
FN:4,(anonymous_0)
FN:7,(anonymous_1)
FN:13,(anonymous_2)
FNF:3
FNH:2
FNDA:0,(anonymous_0)
FNDA:1,(anonymous_1)
FNDA:1,(anonymous_2)
DA:5,0
DA:8,1
DA:9,1
DA:10,1
DA:11,1
DA:14,1
DA:15,1
DA:16,1
DA:17,1
DA:18,1
LF:10
LH:9
BRF:0
BRH:0
end_of_record
TN:
SF:C:\Users\qbuser\Documents\puppeteer_training\jest-puppeteer-advanced\pages\HomePage.js
FN:4,(anonymous_0)
FN:8,(anonymous_1)
FN:14,(anonymous_2)
FN:17,(anonymous_3)
FN:20,(anonymous_4)
FNF:5
FNH:3
FNDA:2,(anonymous_0)
FNDA:1,(anonymous_1)
FNDA:0,(anonymous_2)
FNDA:0,(anonymous_3)
FNDA:1,(anonymous_4)
DA:5,2
DA:6,2
DA:9,1
DA:10,1
DA:11,1
DA:12,1
DA:15,0
DA:18,0
DA:21,1
LF:9
LH:7
BRF:0
BRH:0
end_of_record
TN:
SF:C:\Users\qbuser\Documents\puppeteer_training\jest-puppeteer-advanced\pages\LoginPage.js
FN:4,(anonymous_0)
FN:7,(anonymous_1)
FN:12,(anonymous_2)
FNF:3
FNH:2
FNDA:0,(anonymous_0)
FNDA:1,(anonymous_1)
FNDA:1,(anonymous_2)
DA:5,0
DA:8,1
DA:9,1
DA:10,1
DA:13,1
DA:14,1
DA:15,1
DA:16,1
LF:8
LH:7
BRF:0
BRH:0
end_of_record
TN:
SF:C:\Users\qbuser\Documents\puppeteer_training\jest-puppeteer-advanced\pages\components\TopBar.js
FN:2,(anonymous_0)
FN:6,(anonymous_1)
FNF:2
FNH:2
FNDA:2,(anonymous_0)
FNDA:1,(anonymous_1)
DA:3,2
DA:4,2
DA:7,1
LF:3
LH:3
BRF:0
BRH:0
end_of_record
